Exception: Error Processing Request In Question __construct: Exception: Error Processing Request In Question __construct1: Exception: Question Is Not Found! in N:\QNA Platform\QNA Platform - PHP-JS-HTML-CSS\model\question.php:63
Stack trace:
#0 N:\QNA Platform\QNA Platform - PHP-JS-HTML-CSS\model\question.php(26): Question->__construct1(NULL)
#1 N:\QNA Platform\QNA Platform - PHP-JS-HTML-CSS\question-view.php(18): Question->__construct(NULL)
#2 {main} in N:\QNA Platform\QNA Platform - PHP-JS-HTML-CSS\model\question.php:75
Stack trace:
#0 N:\QNA Platform\QNA Platform - PHP-JS-HTML-CSS\model\question.php(26): Question->__construct1(NULL)
#1 N:\QNA Platform\QNA Platform - PHP-JS-HTML-CSS\question-view.php(18): Question->__construct(NULL)
#2 {main} in N:\QNA Platform\QNA Platform - PHP-JS-HTML-CSS\model\question.php:29
Stack trace:
#0 N:\QNA Platform\QNA Platform - PHP-JS-HTML-CSS\question-view.php(18): Question->__construct(NULL)
#1 {main}

Exception: Error Processing Request In Question __construct: Exception: Error Processing Request In Question __construct1: Exception: Question Is Not Found! in N:\QNA Platform\QNA Platform - PHP-JS-HTML-CSS\model\question.php:63
Stack trace:
#0 N:\QNA Platform\QNA Platform - PHP-JS-HTML-CSS\model\question.php(26): Question->__construct1(NULL)
#1 N:\QNA Platform\QNA Platform - PHP-JS-HTML-CSS\question-view.php(18): Question->__construct(NULL)
#2 {main} in N:\QNA Platform\QNA Platform - PHP-JS-HTML-CSS\model\question.php:75
Stack trace:
#0 N:\QNA Platform\QNA Platform - PHP-JS-HTML-CSS\model\question.php(26): Question->__construct1(NULL)
#1 N:\QNA Platform\QNA Platform - PHP-JS-HTML-CSS\question-view.php(18): Question->__construct(NULL)
#2 {main} in N:\QNA Platform\QNA Platform - PHP-JS-HTML-CSS\model\question.php:29
Stack trace:
#0 N:\QNA Platform\QNA Platform - PHP-JS-HTML-CSS\question-view.php(18): Question->__construct(NULL)
#1 {main}

Exception: Error Processing Request In Question __construct: Exception: Error Processing Request In Question __construct1: Exception: Question Is Not Found! in N:\QNA Platform\QNA Platform - PHP-JS-HTML-CSS\model\question.php:63
Stack trace:
#0 N:\QNA Platform\QNA Platform - PHP-JS-HTML-CSS\model\question.php(26): Question->__construct1(NULL)
#1 N:\QNA Platform\QNA Platform - PHP-JS-HTML-CSS\question-view.php(18): Question->__construct(NULL)
#2 {main} in N:\QNA Platform\QNA Platform - PHP-JS-HTML-CSS\model\question.php:75
Stack trace:
#0 N:\QNA Platform\QNA Platform - PHP-JS-HTML-CSS\model\question.php(26): Question->__construct1(NULL)
#1 N:\QNA Platform\QNA Platform - PHP-JS-HTML-CSS\question-view.php(18): Question->__construct(NULL)
#2 {main} in N:\QNA Platform\QNA Platform - PHP-JS-HTML-CSS\model\question.php:29
Stack trace:
#0 N:\QNA Platform\QNA Platform - PHP-JS-HTML-CSS\question-view.php(18): Question->__construct(NULL)
#1 {main}

